<?xml version="1.0" encoding="UTF-8"?>
<!-- Generated by org.testng.reporters.JUnitXMLReporter -->
<testsuite ignored="1" hostname="Mehamood" failures="0" tests="2" name="Module1" time="0.05" errors="0" timestamp="2021-02-24T23:42:05 IST">
  <testcase classname="basics.Basic1" name="Demo" time="0.007"/>
  <testcase classname="basics.Basic2" name="Demo4" time="0.001"/>
  <testcase classname="basics.Basic2" name="Demo3" time="0.0">
    <ignored/>
  </testcase> <!-- Demo3 -->
</testsuite> <!-- Module1 -->
