<?xml version="1.0" encoding="UTF-8"?>
<!-- Generated by org.testng.reporters.JUnitXMLReporter -->
<testsuite ignored="4" hostname="Mehamood" failures="0" tests="4" name="Regression" time="0.064" errors="0" timestamp="2021-02-24T15:35:40 IST">
  <testcase classname="basics.Basic1" name="Demo" time="0.008"/>
  <testcase classname="basics.Basic3" name="APICarLoan" time="0.001"/>
  <testcase classname="basics.Basic3" name="WebCarLoan" time="0.001"/>
  <testcase classname="basics.Basic4" name="MobileHomeLoan" time="0.001"/>
  <testcase classname="basics.Basic4" name="WebHomeLoan" time="0.0">
    <ignored/>
  </testcase> <!-- WebHomeLoan -->
  <testcase classname="basics.Basic3" name="MobileCarLoan" time="0.0">
    <ignored/>
  </testcase> <!-- MobileCarLoan -->
  <testcase classname="basics.Basic2" name="Demo4" time="0.0">
    <ignored/>
  </testcase> <!-- Demo4 -->
  <testcase classname="basics.Basic2" name="Demo3" time="0.0">
    <ignored/>
  </testcase> <!-- Demo3 -->
</testsuite> <!-- Regression -->
