<?xml version="1.0" encoding="UTF-8"?>
<!-- Generated by org.testng.reporters.JUnitXMLReporter -->
<testsuite ignored="0" hostname="Mehamood" failures="0" tests="4" name="Suite1" time="0.061" errors="0" timestamp="2021-02-24T12:11:57 IST">
  <testcase classname="basics.Basic1" name="Demo" time="0.011"/>
  <testcase classname="basics.Basic1" name="Demo2" time="0.001"/>
  <testcase classname="basics.Basic2" name="Demo3" time="0.003"/>
  <testcase classname="basics.Basic2" name="Demo4" time="0.002"/>
</testsuite> <!-- Suite1 -->
