<?xml version="1.0" encoding="UTF-8"?>
<!-- Generated by org.testng.reporters.JUnitXMLReporter -->
<testsuite ignored="0" hostname="Mehamood" failures="0" tests="6" name="Suite2" time="0.02" errors="0" timestamp="2021-02-24T12:11:57 IST">
  <testcase classname="basics.Basic3" name="APICarLoan" time="0.001"/>
  <testcase classname="basics.Basic3" name="MobileCarLoan" time="0.002"/>
  <testcase classname="basics.Basic3" name="WebCarLoan" time="0.001"/>
  <testcase classname="basics.Basic4" name="APIHomeLoan" time="0.001"/>
  <testcase classname="basics.Basic4" name="MobileHomeLoan" time="0.002"/>
  <testcase classname="basics.Basic4" name="WebHomeLoan" time="0.001"/>
</testsuite> <!-- Suite2 -->
