<?xml version="1.0" encoding="UTF-8"?>
<!-- Generated by org.testng.reporters.JUnitXMLReporter -->
<testsuite ignored="1" hostname="Mehamood" failures="0" tests="9" name="Test" time="0.067" errors="0" timestamp="2021-02-24T22:43:19 IST">
  <testcase classname="basics.Basic2" name="Demo3" time="0.006"/>
  <testcase classname="basics.Basic2" name="Demo4" time="0.001"/>
  <testcase classname="basics.Basic1" name="Demo" time="0.001"/>
  <testcase classname="basics.Basic4" name="MobileHomeLoan" time="0.002"/>
  <testcase classname="basics.Basic4" name="WebHomeLoan" time="0.001"/>
  <testcase classname="basics.Basic3" name="APICarLoan" time="0.001"/>
  <testcase classname="basics.Basic3" name="WebCarLoan" time="0.001"/>
  <testcase classname="basics.Basic3" name="high" time="0.001"/>
  <testcase classname="basics.Basic3" name="MobileCarLoan" time="0.001"/>
  <testcase classname="basics.Basic3" name="fish" time="0.0">
    <ignored/>
  </testcase> <!-- fish -->
</testsuite> <!-- Test -->
